# JRE version: Java(TM) SE Runtime Environment (21.0.2+13) (build 21.0.2+13-LTS-58)
# Java VM: Java HotSpot(TM) 64-Bit Server VM (21.0.2+13-LTS-58, mixed mode, sharing, tiered, compressed oops, compressed class ptrs, g1 gc, windows-amd64)
GC Precious Log:
 CardTable entry size: 512
 Card Set container configuration: InlinePtr #cards 5 size 8 Array Of Cards #cards 12 size 40 Howl #buckets 4 coarsen threshold 1843 Howl Bitmap #cards 512 size 80 coarsen threshold 460 Card regions per heap region 1 cards per card region 2048
 CPUs: 4 total, 4 available
 Memory: 3986M
 Large Page Support: Disabled
 NUMA Support: Disabled
 Compressed Oops: Enabled (32-bit)
 Heap Region Size: 1M
 Heap Min Capacity: 8M
 Heap Initial Capacity: 64M
 Heap Max Capacity: 2G
 Pre-touch: Disabled
 Parallel Workers: 4
 Concurrent Workers: 1
 Concurrent Refinement Workers: 4
 Periodic GC: Disabled
Heap:
 garbage-first heap   total 307200K, used 194560K [0x0000000080000000, 0x0000000100000000)
  region size 1024K, 7 young (7168K), 5 survivors (5120K)
 Metaspace       used 152132K, committed 154944K, reserved 1245184K
  class space    used 20172K, committed 21568K, reserved 1048576K
GC Heap History (20 events):
Event: 80.246 GC heap before
{Heap before GC invocations=53 (full 0):
 garbage-first heap   total 198656K, used 182202K [0x0000000080000000, 0x0000000100000000)
  region size 1024K, 72 young (73728K), 4 survivors (4096K)
 Metaspace       used 98688K, committed 100928K, reserved 1179648K
  class space    used 13597K, committed 14720K, reserved 1048576K
}
Event: 80.259 GC heap after
{Heap after GC invocations=54 (full 0):
 garbage-first heap   total 198656K, used 116988K [0x0000000080000000, 0x0000000100000000)
  region size 1024K, 8 young (8192K), 8 survivors (8192K)
 Metaspace       used 98688K, committed 100928K, reserved 1179648K
  class space    used 13597K, committed 14720K, reserved 1048576K
}
Event: 82.060 GC heap before
{Heap before GC invocations=54 (full 0):
 garbage-first heap   total 198656K, used 178428K [0x0000000080000000, 0x0000000100000000)
  region size 1024K, 68 young (69632K), 8 survivors (8192K)
 Metaspace       used 102771K, committed 105024K, reserved 1179648K
  class space    used 14107K, committed 15232K, reserved 1048576K
}
Event: 82.076 GC heap after
{Heap after GC invocations=55 (full 0):
 garbage-first heap   total 198656K, used 120239K [0x0000000080000000, 0x0000000100000000)
  region size 1024K, 9 young (9216K), 9 survivors (9216K)
 Metaspace       used 102771K, committed 105024K, reserved 1179648K
  class space    used 14107K, committed 15232K, reserved 1048576K
}
Event: 92.732 GC heap before
{Heap before GC invocations=56 (full 0):
 garbage-first heap   total 206848K, used 176559K [0x0000000080000000, 0x0000000100000000)
  region size 1024K, 64 young (65536K), 9 survivors (9216K)
 Metaspace       used 110430K, committed 112704K, reserved 1179648K
  class space    used 14934K, committed 16064K, reserved 1048576K
}
Event: 92.774 GC heap after
{Heap after GC invocations=57 (full 0):
 garbage-first heap   total 206848K, used 126208K [0x0000000080000000, 0x0000000100000000)
  region size 1024K, 8 young (8192K), 8 survivors (8192K)
 Metaspace       used 110430K, committed 112704K, reserved 1179648K
  class space    used 14934K, committed 16064K, reserved 1048576K
}
Event: 102.372 GC heap before
{Heap before GC invocations=57 (full 0):
 garbage-first heap   total 206848K, used 186624K [0x0000000080000000, 0x0000000100000000)
  region size 1024K, 67 young (68608K), 8 survivors (8192K)
 Metaspace       used 110947K, committed 113152K, reserved 1179648K
  class space    used 14956K, committed 16064K, reserved 1048576K
}
Event: 102.507 GC heap after
{Heap after GC invocations=58 (full 0):
 garbage-first heap   total 206848K, used 131864K [0x0000000080000000, 0x0000000100000000)
  region size 1024K, 7 young (7168K), 7 survivors (7168K)
 Metaspace       used 110947K, committed 113152K, reserved 1179648K
  class space    used 14956K, committed 16064K, reserved 1048576K
}
Event: 104.361 GC heap before
{Heap before GC invocations=58 (full 0):
 garbage-first heap   total 206848K, used 188184K [0x0000000080000000, 0x0000000100000000)
  region size 1024K, 62 young (63488K), 7 survivors (7168K)
 Metaspace       used 111068K, committed 113344K, reserved 1179648K
  class space    used 14959K, committed 16064K, reserved 1048576K
}
Event: 104.422 GC heap after
{Heap after GC invocations=59 (full 0):
 garbage-first heap   total 206848K, used 137791K [0x0000000080000000, 0x0000000100000000)
  region size 1024K, 6 young (6144K), 6 survivors (6144K)
 Metaspace       used 111068K, committed 113344K, reserved 1179648K
  class space    used 14959K, committed 16064K, reserved 1048576K
}
Event: 110.326 GC heap before
{Heap before GC invocations=60 (full 0):
 garbage-first heap   total 249856K, used 188991K [0x0000000080000000, 0x0000000100000000)
  region size 1024K, 54 young (55296K), 6 survivors (6144K)
 Metaspace       used 115365K, committed 117632K, reserved 1179648K
  class space    used 15387K, committed 16512K, reserved 1048576K
}
Event: 110.350 GC heap after
{Heap after GC invocations=61 (full 0):
 garbage-first heap   total 249856K, used 140938K [0x0000000080000000, 0x0000000100000000)
  region size 1024K, 2 young (2048K), 2 survivors (2048K)
 Metaspace       used 115365K, committed 117632K, reserved 1179648K
  class space    used 15387K, committed 16512K, reserved 1048576K
}
Event: 455.667 GC heap before
{Heap before GC invocations=61 (full 0):
 garbage-first heap   total 249856K, used 226954K [0x0000000080000000, 0x0000000100000000)
  region size 1024K, 87 young (89088K), 2 survivors (2048K)
 Metaspace       used 119258K, committed 121728K, reserved 1179648K
  class space    used 15860K, committed 17088K, reserved 1048576K
}
Event: 455.764 GC heap after
{Heap after GC invocations=62 (full 0):
 garbage-first heap   total 249856K, used 144695K [0x0000000080000000, 0x0000000100000000)
  region size 1024K, 7 young (7168K), 7 survivors (7168K)
 Metaspace       used 119258K, committed 121728K, reserved 1179648K
  class space    used 15860K, committed 17088K, reserved 1048576K
}
Event: 459.202 GC heap before
{Heap before GC invocations=62 (full 0):
 garbage-first heap   total 249856K, used 228663K [0x0000000080000000, 0x0000000100000000)
  region size 1024K, 89 young (91136K), 7 survivors (7168K)
 Metaspace       used 132119K, committed 134592K, reserved 1179648K
  class space    used 17941K, committed 19200K, reserved 1048576K
}
Event: 459.224 GC heap after
{Heap after GC invocations=63 (full 0):
 garbage-first heap   total 249856K, used 148592K [0x0000000080000000, 0x0000000100000000)
  region size 1024K, 9 young (9216K), 9 survivors (9216K)
 Metaspace       used 132119K, committed 134592K, reserved 1179648K
  class space    used 17941K, committed 19200K, reserved 1048576K
}
Event: 461.007 GC heap before
{Heap before GC invocations=64 (full 0):
 garbage-first heap   total 307200K, used 231536K [0x0000000080000000, 0x0000000100000000)
  region size 1024K, 83 young (84992K), 9 survivors (9216K)
 Metaspace       used 132940K, committed 135488K, reserved 1179648K
  class space    used 18007K, committed 19264K, reserved 1048576K
}
Event: 461.047 GC heap after
{Heap after GC invocations=65 (full 0):
 garbage-first heap   total 307200K, used 169298K [0x0000000080000000, 0x0000000100000000)
  region size 1024K, 11 young (11264K), 11 survivors (11264K)
 Metaspace       used 132940K, committed 135488K, reserved 1179648K
  class space    used 18007K, committed 19264K, reserved 1048576K
}
Event: 468.659 GC heap before
{Heap before GC invocations=65 (full 0):
 garbage-first heap   total 307200K, used 280914K [0x0000000080000000, 0x0000000100000000)
  region size 1024K, 113 young (115712K), 11 survivors (11264K)
 Metaspace       used 141021K, committed 143488K, reserved 1179648K
  class space    used 18855K, committed 20096K, reserved 1048576K
}
Event: 468.739 GC heap after
{Heap after GC invocations=66 (full 0):
 garbage-first heap   total 307200K, used 189952K [0x0000000080000000, 0x0000000100000000)
  region size 1024K, 14 young (14336K), 14 survivors (14336K)
 Metaspace       used 141021K, committed 143488K, reserved 1179648K
  class space    used 18855K, committed 20096K, reserved 1048576K
}

